<?xml version="1.0" encoding="UTF-8"?>
<testsuite xmlns:xsi="http://www.w3.org/2001/XMLSchema-instance" xsi:noNamespaceSchemaLocation="https://maven.apache.org/surefire/maven-surefire-plugin/xsd/surefire-test-report.xsd" name="yandexTests.Tests" time="45.451" tests="2" errors="0" skipped="0" failures="0">
  <properties>
[...]
</properties>
  <testcase name="LogIn" classname="yandexTests.Tests" time="18.436"/>
  <testcase name="NavigationOnPage" classname="yandexTests.Tests" time="26.487"/>
</testsuite>