-------------------------------------------------------------------------------
Test set: yandexTests.Tests
-------------------------------------------------------------------------------
Tests run: 3, Failures: 1, Errors: 0, Skipped: 0, Time elapsed: 57.284 s <<< FAILURE! - in yandexTests.Tests
IncorrectLoginAndPassword(yandexTests.Tests)  Time elapsed: 3.236 s  <<< FAILURE!
java.lang.AssertionError
	at yandexTests.Tests.IncorrectLoginAndPassword(Tests.java:35)

